\BOOKMARK [1][-]{section*.1}{\376\377\000A\000b\000s\000t\000r\000a\000c\000t}{}% 1
\BOOKMARK [1][-]{section*.2}{\376\377\000I\000n\000t\000r\000o\000d\000u\000c\000t\000i\000o\000n}{}% 2
\BOOKMARK [2][-]{section*.3}{\376\377\000S\000I\000R\000\040\000M\000o\000d\000e\000l}{section*.2}% 3
\BOOKMARK [2][-]{section*.4}{\376\377\000S\000E\000I\000R\000\040\000M\000o\000d\000e\000l}{section*.2}% 4
\BOOKMARK [1][-]{section*.5}{\376\377\000M\000e\000t\000h\000o\000d\000s}{}% 5
\BOOKMARK [2][-]{section*.6}{\376\377\0001\000.\000\040\000D\000a\000t\000a\000\040\000S\000e\000l\000e\000c\000t\000i\000o\000n}{section*.5}% 6
\BOOKMARK [2][-]{section*.7}{\376\377\0002\000.\000\040\000D\000a\000t\000a\000\040\000A\000n\000a\000l\000y\000s\000i\000s\000\040\000a\000n\000d\000\040\000M\000o\000d\000e\000l\000\040\000C\000o\000m\000p\000a\000r\000i\000s\000o\000n}{section*.5}% 7
\BOOKMARK [2][-]{section*.8}{\376\377\0003\000.\000\040\000M\000o\000d\000e\000l\000\040\000B\000u\000i\000l\000d\000i\000n\000g}{section*.5}% 8
\BOOKMARK [3][-]{section*.9}{\376\377\000A\000\051\000\040\000M\000o\000d\000e\000l\000l\000i\000n\000g\000\040\000t\000h\000e\000\040\000A\000l\000p\000h\000a\000\040\000W\000a\000v\000e\000\040\000o\000f\000\040\000C\000o\000v\000i\000d\000-\0001\0009\000:\000\040\000D\000a\000y\000\040\0002\0005\0004\000\040\000t\000h\000r\000o\000u\000g\000h\000\040\0003\0000\0007}{section*.8}% 9
\BOOKMARK [3][-]{section*.10}{\376\377\000B\000\051\000\040\000M\000o\000d\000e\000l\000l\000i\000n\000g\000\040\000t\000h\000e\000\040\000D\000e\000l\000t\000a\000\040\000W\000a\000v\000e\000\040\000o\000f\000\040\000C\000o\000v\000i\000d\000-\0001\0009\000:\000\040\000D\000a\000y\000\040\0004\0008\0006\000\040\000t\000h\000r\000o\000u\000g\000h\000\040\0005\0005\0001}{section*.8}% 10
\BOOKMARK [3][-]{section*.11}{\376\377\000C\000\051\000\040\000M\000o\000d\000e\000l\000l\000i\000n\000g\000\040\000t\000h\000e\000\040\000O\000m\000i\000c\000r\000o\000n\000\040\000W\000a\000v\000e\000\040\000o\000f\000\040\000C\000o\000v\000i\000d\000-\0001\0009\000:\000\040\000D\000a\000y\000\040\0006\0006\0000\000\040\000t\000h\000r\000o\000u\000g\000h\000\040\0006\0008\0004}{section*.8}% 11
\BOOKMARK [2][-]{section*.12}{\376\377\000M\000o\000d\000e\000l\000\040\0001\000:\000\040\000T\000h\000e\000\040\000D\000i\000s\000c\000r\000e\000t\000e\000\040\000S\000I\000R\000\040\000M\000o\000d\000e\000l}{section*.5}% 12
\BOOKMARK [2][-]{section*.13}{\376\377\000M\000o\000d\000e\000l\000\040\0002\000:\000\040\000T\000h\000e\000\040\000D\000i\000s\000c\000r\000e\000t\000e\000\040\000S\000E\000I\000R\000\040\000M\000o\000d\000e\000l}{section*.5}% 13
\BOOKMARK [1][-]{section*.14}{\376\377\000R\000e\000s\000u\000l\000t\000s}{}% 14
\BOOKMARK [2][-]{section*.15}{\376\377\000S\000I\000R\000\040\000M\000o\000d\000e\000l\000\040\000S\000i\000m\000u\000l\000a\000t\000i\000o\000n\000s}{section*.14}% 15
\BOOKMARK [2][-]{section*.16}{\376\377\000S\000E\000I\000R\000\040\000M\000o\000d\000e\000l\000\040\000S\000i\000m\000u\000l\000a\000t\000i\000o\000n\000s}{section*.14}% 16
\BOOKMARK [2][-]{section*.17}{\376\377\000S\000I\000R\000\040\000a\000n\000d\000\040\000S\000E\000I\000R\000\040\000M\000o\000d\000e\000l\000\040\000C\000o\000m\000p\000a\000r\000i\000s\000o\000n}{section*.14}% 17
\BOOKMARK [1][-]{section*.18}{\376\377\000D\000i\000s\000c\000u\000s\000s\000i\000o\000n}{}% 18
\BOOKMARK [2][-]{section*.19}{\376\377\000A\000c\000k\000n\000o\000w\000l\000e\000d\000g\000e\000m\000e\000n\000t\000s}{section*.18}% 19
\BOOKMARK [1][-]{section*.20}{\376\377\000R\000e\000f\000e\000r\000e\000n\000c\000e\000s}{}% 20
